/*C2*/SET SCHEMA PUBLIC
DELETE FROM USER WHERE USER_ID=2
COMMIT
DELETE FROM USER WHERE USER_ID=3
COMMIT
INSERT INTO USER VALUES(7,'test',NULL,NULL,NULL)
COMMIT
INSERT INTO USER VALUES(8,'asdasd',NULL,NULL,NULL)
COMMIT
INSERT INTO USER VALUES(9,'dasdsdadsd',NULL,NULL,NULL)
COMMIT
DELETE FROM USER WHERE USER_ID=7
INSERT INTO USER VALUES(7,'test',NULL,'adasdad',NULL)
COMMIT
DELETE FROM USER WHERE USER_ID=7
COMMIT
/*C3*/SET SCHEMA PUBLIC
DISCONNECT
/*C2*/DISCONNECT
/*C4*/SET SCHEMA PUBLIC
DISCONNECT
/*C5*/SET SCHEMA PUBLIC
DISCONNECT
/*C6*/SET SCHEMA PUBLIC
DISCONNECT
/*C7*/SET SCHEMA PUBLIC
DISCONNECT
/*C8*/SET SCHEMA PUBLIC
DISCONNECT
/*C9*/SET SCHEMA PUBLIC
DISCONNECT
/*C10*/SET SCHEMA PUBLIC
DISCONNECT
/*C11*/SET SCHEMA PUBLIC
DISCONNECT
